./build/boards/cv180x/cv1800b_milkv_duo_sd/linux/cvitek_cv1800b_milkv_duo_sd_defconfig:223:CONFIG_CMA_SIZE_MBYTES=0
./build/boards/cv180x/cv1800b_milkv_duo_spinand/linux/cvitek_cv1800b_milkv_duo_spinand_defconfig:232:CONFIG_CMA_SIZE_MBYTES=0
./build/boards/cv180x/cv1800b_milkv_duo_spinor/linux/cvitek_cv1800b_milkv_duo_spinor_defconfig:231:CONFIG_CMA_SIZE_MBYTES=0
./build/boards/cv180x/cv1800b_sophpi_duo_sd/linux/cvitek_cv1800b_sophpi_duo_sd_defconfig:229:CONFIG_CMA_SIZE_MBYTES=0
./build/boards/cv180x/cv1800b_wdmb_0008a_spinor/linux/cvitek_cv1800b_wdmb_0008a_spinor_defconfig:216:CONFIG_CMA_SIZE_MBYTES=0
./build/boards/cv180x/cv1800b_wdmb_0008a_spinor/linux/cvitek_cv1800b_wdmb_0008a_spinor_rls_defconfig:363:CONFIG_CMA_SIZE_MBYTES=0
./build/boards/cv180x/cv1800b_wevb_0008a_spinor/linux/cvitek_cv1800b_wevb_0008a_spinor_defconfig:205:CONFIG_CMA_SIZE_MBYTES=0
./build/boards/cv180x/cv1800b_wevb_0008a_spinor/linux/cvitek_cv1800b_wevb_0008a_spinor_rls_defconfig:363:CONFIG_CMA_SIZE_MBYTES=0
./build/boards/cv180x/cv1800c_wevb_0009a_spinor/linux/cvitek_cv1800c_wevb_0009a_spinor_defconfig:202:CONFIG_CMA_SIZE_MBYTES=0
./build/boards/cv180x/cv1800c_wevb_0009a_spinor/linux/cvitek_cv1800c_wevb_0009a_spinor_rls_defconfig:363:CONFIG_CMA_SIZE_MBYTES=0
./build/boards/cv180x/cv1801b_wevb_0008a_spinor/linux/cvitek_cv1801b_wevb_0008a_spinor_defconfig:364:CONFIG_CMA_SIZE_MBYTES=0
./build/boards/cv180x/cv1801b_wevb_0008a_spinor/linux/cvitek_cv1801b_wevb_0008a_spinor_rls_defconfig:363:CONFIG_CMA_SIZE_MBYTES=0
./build/boards/cv180x/cv1801c_wdmb_0009a_spinor/linux/cvitek_cv1801c_wdmb_0009a_spinor_defconfig:380:CONFIG_CMA_SIZE_MBYTES=0
./build/boards/cv180x/cv1801c_wdmb_0009a_spinor/linux/cvitek_cv1801c_wdmb_0009a_spinor_rls_defconfig:363:CONFIG_CMA_SIZE_MBYTES=0
./build/boards/cv180x/cv1801c_wevb_0009a_spinand/linux/cvitek_cv1801c_wevb_0009a_spinand_defconfig:431:CONFIG_CMA_SIZE_MBYTES=0
./build/boards/cv180x/cv1801c_wevb_0009a_spinand/linux/cvitek_cv1801c_wevb_0009a_spinand_rls_defconfig:363:CONFIG_CMA_SIZE_MBYTES=0
./build/boards/cv180x/cv1801c_wevb_0009a_spinor/linux/cvitek_cv1801c_wevb_0009a_spinor_defconfig:365:CONFIG_CMA_SIZE_MBYTES=0
./build/boards/cv180x/cv1801c_wevb_0009a_spinor/linux/cvitek_cv1801c_wevb_0009a_spinor_rls_defconfig:363:CONFIG_CMA_SIZE_MBYTES=0
./build/boards/cv180x/cv180zb_wdmb_0008a_spinor/linux/cvitek_cv180zb_wdmb_0008a_spinor_defconfig:215:CONFIG_CMA_SIZE_MBYTES=0
./build/boards/cv180x/cv180zb_wdmb_0008a_spinor/linux/cvitek_cv180zb_wdmb_0008a_spinor_rls_defconfig:363:CONFIG_CMA_SIZE_MBYTES=0
./build/boards/cv180x/cv180zb_wevb_0008a_spinor/linux/cvitek_cv180zb_wevb_0008a_spinor_defconfig:220:CONFIG_CMA_SIZE_MBYTES=0
./build/boards/cv180x/cv180zb_wevb_0008a_spinor/linux/cvitek_cv180zb_wevb_0008a_spinor_rls_defconfig:363:CONFIG_CMA_SIZE_MBYTES=0
./build/boards/cv181x/cv1810c_wdmb_0006a_spinor/linux/cvitek_cv1810c_wdmb_0006a_spinor_defconfig:429:CONFIG_CMA_SIZE_MBYTES=0
./build/boards/cv181x/cv1810c_wdmb_0006a_spinor/linux/cvitek_cv1810c_wdmb_0006a_spinor_rls_defconfig:198:CONFIG_CMA_SIZE_MBYTES=0
./build/boards/cv181x/cv1810c_wevb_0006a_spinand/linux/cvitek_cv1810c_wevb_0006a_spinand_defconfig:429:CONFIG_CMA_SIZE_MBYTES=0
./build/boards/cv181x/cv1810c_wevb_0006a_spinor/linux/cvitek_cv1810c_wevb_0006a_spinor_defconfig:429:CONFIG_CMA_SIZE_MBYTES=0
./build/boards/cv181x/cv1810c_wevb_0006a_spinor/linux/cvitek_cv1810c_wevb_0006a_spinor_rls_defconfig:198:CONFIG_CMA_SIZE_MBYTES=0
./build/boards/cv181x/cv1810h_wevb_0007a_spinor/linux/cvitek_cv1810h_wevb_0007a_spinor_defconfig:429:CONFIG_CMA_SIZE_MBYTES=0
./build/boards/cv181x/cv1810h_wevb_0007a_spinor/linux/cvitek_cv1810h_wevb_0007a_spinor_rls_defconfig:198:CONFIG_CMA_SIZE_MBYTES=0
./build/boards/cv181x/cv1811c_wdmb_0006a_spinor/linux/cvitek_cv1811c_wdmb_0006a_spinor_defconfig:433:CONFIG_CMA_SIZE_MBYTES=0
./build/boards/cv181x/cv1811c_wdmb_0006a_spinor/linux/cvitek_cv1811c_wdmb_0006a_spinor_rls_defconfig:198:CONFIG_CMA_SIZE_MBYTES=0
./build/boards/cv181x/cv1811c_wevb_0006a_emmc/linux/cvitek_cv1811c_wevb_0006a_emmc_defconfig:424:CONFIG_CMA_SIZE_MBYTES=0
./build/boards/cv181x/cv1811c_wevb_0006a_spinand/linux/cvitek_cv1811c_wevb_0006a_spinand_defconfig:429:CONFIG_CMA_SIZE_MBYTES=0
./build/boards/cv181x/cv1811c_wevb_0006a_spinand/linux/cvitek_cv1811c_wevb_0006a_spinand_rls_defconfig:205:CONFIG_CMA_SIZE_MBYTES=0
./build/boards/cv181x/cv1811c_wevb_0006a_spinor/linux/cvitek_cv1811c_wevb_0006a_spinor_defconfig:433:CONFIG_CMA_SIZE_MBYTES=0
./build/boards/cv181x/cv1811c_wevb_0006a_spinor/linux/cvitek_cv1811c_wevb_0006a_spinor_rls_defconfig:198:CONFIG_CMA_SIZE_MBYTES=0
./build/boards/cv181x/cv1811h_wevb_0007a_emmc/linux/cvitek_cv1811h_wevb_0007a_emmc_defconfig:424:CONFIG_CMA_SIZE_MBYTES=0
./build/boards/cv181x/cv1811h_wevb_0007a_spinand/linux/cvitek_cv1811h_wevb_0007a_spinand_defconfig:428:CONFIG_CMA_SIZE_MBYTES=0
./build/boards/cv181x/cv1811h_wevb_0007a_spinand/linux/cvitek_cv1811h_wevb_0007a_spinand_rls_defconfig:205:CONFIG_CMA_SIZE_MBYTES=0
./build/boards/cv181x/cv1811h_wevb_0007a_spinor/linux/cvitek_cv1811h_wevb_0007a_spinor_defconfig:432:CONFIG_CMA_SIZE_MBYTES=0
./build/boards/cv181x/cv1812cp_milkv_duo256m_sd/linux/cvitek_cv1812cp_milkv_duo256m_sd_defconfig:227:CONFIG_CMA_SIZE_MBYTES=0
./build/boards/cv181x/cv1812cp_milkv_duo256m_spinand/linux/cvitek_cv1812cp_milkv_duo256m_spinand_defconfig:231:CONFIG_CMA_SIZE_MBYTES=0
./build/boards/cv181x/cv1812cp_milkv_duo256m_spinor/linux/cvitek_cv1812cp_milkv_duo256m_spinor_defconfig:220:CONFIG_CMA_SIZE_MBYTES=0
./build/boards/cv181x/cv1812cp_wevb_0006a_emmc/linux/cvitek_cv1812cp_wevb_0006a_emmc_defconfig:434:CONFIG_CMA_SIZE_MBYTES=0
./build/boards/cv181x/cv1812cp_wevb_0006a_spinand/linux/cvitek_cv1812cp_wevb_0006a_spinand_defconfig:432:CONFIG_CMA_SIZE_MBYTES=0
./build/boards/cv181x/cv1812cp_wevb_0006a_spinand/linux/cvitek_cv1812cp_wevb_0006a_spinand_rls_defconfig:205:CONFIG_CMA_SIZE_MBYTES=0
./build/boards/cv181x/cv1812cp_wevb_0006a_spinor/linux/cvitek_cv1812cp_wevb_0006a_spinor_defconfig:433:CONFIG_CMA_SIZE_MBYTES=0
./build/boards/cv181x/cv1812cp_wevb_0006a_spinor/linux/cvitek_cv1812cp_wevb_0006a_spinor_rls_defconfig:198:CONFIG_CMA_SIZE_MBYTES=0
./build/boards/cv181x/cv1812h_wevb_0007a_emmc_huashan/linux/cvitek_cv1812h_wevb_0007a_emmc_huashan_defconfig:427:CONFIG_CMA_SIZE_MBYTES=0
./build/boards/cv181x/cv1812h_wevb_0007a_emmc/linux/cvitek_cv1812h_wevb_0007a_emmc_defconfig:425:CONFIG_CMA_SIZE_MBYTES=0
./build/boards/cv181x/cv1812h_wevb_0007a_spinand_huashan/linux/cvitek_cv1812h_wevb_0007a_spinand_huashan_defconfig:440:CONFIG_CMA_SIZE_MBYTES=0
./build/boards/cv181x/cv1812h_wevb_0007a_spinand/linux/cvitek_cv1812h_wevb_0007a_spinand_defconfig:433:CONFIG_CMA_SIZE_MBYTES=0
./build/boards/cv181x/cv1812h_wevb_0007a_spinand/linux/cvitek_cv1812h_wevb_0007a_spinand_rls_defconfig:205:CONFIG_CMA_SIZE_MBYTES=0
./build/boards/cv181x/cv1812h_wevb_0007a_spinor_huashan/linux/cvitek_cv1812h_wevb_0007a_spinor_huashan_defconfig:441:CONFIG_CMA_SIZE_MBYTES=0
./build/boards/cv181x/cv1812h_wevb_0007a_spinor/linux/cvitek_cv1812h_wevb_0007a_spinor_defconfig:433:CONFIG_CMA_SIZE_MBYTES=0
./build/boards/cv181x/cv1812h_wevb_0007a_spinor/linux/cvitek_cv1812h_wevb_0007a_spinor_rls_defconfig:198:CONFIG_CMA_SIZE_MBYTES=0
./build/boards/cv181x/cv1813h_milkv_duos_emmc/linux/cvitek_cv1813h_milkv_duos_emmc_defconfig:239:CONFIG_CMA_SIZE_MBYTES=0
./build/boards/cv181x/cv1813h_milkv_duos_sd/linux/cvitek_cv1813h_milkv_duos_sd_defconfig:239:CONFIG_CMA_SIZE_MBYTES=0
./build/boards/cv181x/cv1813h_wevb_0007a_emmc/linux/cvitek_cv1813h_wevb_0007a_emmc_defconfig:425:CONFIG_CMA_SIZE_MBYTES=0
./build/boards/cv181x/cv1813h_wevb_0007a_spinand/linux/cvitek_cv1813h_wevb_0007a_spinand_defconfig:432:CONFIG_CMA_SIZE_MBYTES=0
./build/boards/cv181x/cv1813h_wevb_0007a_spinand/linux/cvitek_cv1813h_wevb_0007a_spinand_rls_defconfig:205:CONFIG_CMA_SIZE_MBYTES=0
./build/boards/cv181x/cv1813h_wevb_0007a_spinor/linux/cvitek_cv1813h_wevb_0007a_spinor_defconfig:432:CONFIG_CMA_SIZE_MBYTES=0
./build/boards/cv181x/cv1813h_wevb_0007a_spinor/linux/cvitek_cv1813h_wevb_0007a_spinor_rls_defconfig:198:CONFIG_CMA_SIZE_MBYTES=0
