./linux_5.10/arch/arm64/configs/cvitek_cv1835_asic_wdmb_0002a_spinand_defconfig
./linux_5.10/arch/arm64/configs/cvitek_cv1838_asic_evb_defconfig
./linux_5.10/arch/arm64/configs/cvitek_cv1829_asic_evb_defconfig
./linux_5.10/arch/arm64/configs/cvitek_cv1835_asic_wdmb_0003a_defconfig
./linux_5.10/arch/arm64/configs/cvitek_cv9520_asic_evb_defconfig
./linux_5.10/arch/arm64/configs/cvitek_cv1822_palladium_defconfig
./linux_5.10/arch/arm64/configs/cvitek_cv1826_asic_wevb_0005a_spinand_defconfig
./linux_5.10/arch/arm64/configs/cvitek_cv1832_asic_evb_defconfig
./linux_5.10/arch/arm64/configs/cvitek_cv1835_asic_wdmb_0002b_spinand_defconfig
./linux_5.10/arch/arm64/configs/cvitek_cv1822_fpga_defconfig
./linux_5.10/arch/arm64/configs/cvitek_cv1835_palladium_defconfig
./linux_5.10/arch/arm64/configs/cvitek_cv1835_asic_wevb_0004a_spinand_defconfig
./linux_5.10/arch/arm64/configs/cvitek_cv1835_fpga_defconfig
./linux_5.10/arch/arm64/configs/cvitek_cv1835_asic_evb_defconfig
./linux_5.10/arch/riscv/configs/defconfig
./linux_5.10/arch/riscv/configs/nommu_virt_defconfig
./linux_5.10/arch/riscv/configs/ice_defconfig
./linux_5.10/arch/riscv/configs/nommu_k210_defconfig
./linux_5.10/arch/riscv/configs/vector_0_7_defconfig
./linux_5.10/arch/riscv/configs/rv32_defconfig
./linux_5.10/arch/arm/configs/cvitek_cv1832_asic_evb_defconfig
./linux_5.10/arch/arm/configs/cvitek_cv1835_asic_evb_defconfig
./linux_5.10/arch/arm/configs/cvitek_cv9520_asic_evb_defconfig
./linux_5.10/arch/arm/configs/cvitek_cv1835_asic_wdmb_0002a_spinand_defconfig
./linux_5.10/arch/arm/configs/cvitek_cv1835_palladium_defconfig
./linux_5.10/arch/arm/configs/cvitek_cv1835_fpga_defconfig
./linux_5.10/arch/arm/configs/cvitek_cv1835_asic_wdmb_0002b_spinand_defconfig
./linux_5.10/arch/arm/configs/cvitek_cv1829_asic_evb_defconfig
./linux_5.10/arch/arm/configs/cvitek_cv1835_asic_wevb_0004a_spinand_defconfig
./linux_5.10/arch/arm/configs/cvitek_cv1822_fpga_defconfig
./linux_5.10/arch/arm/configs/cvitek_cv1838_asic_evb_defconfig
./linux_5.10/arch/arm/configs/cvitek_cv1822_palladium_defconfig
./linux_5.10/arch/arm/configs/cvitek_cv1835_asic_wdmb_0003a_defconfig
./linux_5.10/arch/arm/configs/cvitek_cv1826_asic_wevb_0005a_spinand_defconfig
./build/boards/cv180x/cv1800b_wevb_0008a_spinor/cv1800b_wevb_0008a_spinor_defconfig
./build/boards/cv180x/cv1800b_wevb_0008a_spinor/linux/cvitek_cv1800b_wevb_0008a_spinor_defconfig
./build/boards/cv180x/cv1800b_wevb_0008a_spinor/linux/cvitek_cv1800b_wevb_0008a_spinor_rls_defconfig
./build/boards/cv180x/cv1800b_wevb_0008a_spinor/u-boot/cvitek_cv1800b_wevb_0008a_spinor_rls_defconfig
./build/boards/cv180x/cv1800b_wevb_0008a_spinor/u-boot/cvitek_cv1800b_wevb_0008a_spinor_defconfig
./build/boards/cv180x/cv1800c_wevb_0009a_spinor/linux/cvitek_cv1800c_wevb_0009a_spinor_defconfig
./build/boards/cv180x/cv1800c_wevb_0009a_spinor/linux/cvitek_cv1800c_wevb_0009a_spinor_rls_defconfig
./build/boards/cv180x/cv1800c_wevb_0009a_spinor/u-boot/cvitek_cv1800c_wevb_0009a_spinor_defconfig
./build/boards/cv180x/cv1800c_wevb_0009a_spinor/u-boot/cvitek_cv1800c_wevb_0009a_spinor_rls_defconfig
./build/boards/cv180x/cv1800c_wevb_0009a_spinor/cv1800c_wevb_0009a_spinor_defconfig
./build/boards/cv180x/cv1801c_wdmb_0009a_spinor/cv1801c_wdmb_0009a_spinor_defconfig
./build/boards/cv180x/cv1801c_wdmb_0009a_spinor/u-boot/cvitek_cv1801c_wdmb_0009a_spinor_rls_defconfig
./build/boards/cv180x/cv1801c_wdmb_0009a_spinor/u-boot/cvitek_cv1801c_wdmb_0009a_spinor_defconfig
./build/boards/cv180x/cv1801c_wdmb_0009a_spinor/linux/cvitek_cv1801c_wdmb_0009a_spinor_rls_defconfig
./build/boards/cv180x/cv1801c_wdmb_0009a_spinor/linux/cvitek_cv1801c_wdmb_0009a_spinor_defconfig
./build/boards/cv180x/cv180zb_wdmb_0008a_spinor/linux/cvitek_cv180zb_wdmb_0008a_spinor_defconfig
./build/boards/cv180x/cv180zb_wdmb_0008a_spinor/linux/cvitek_cv180zb_wdmb_0008a_spinor_rls_defconfig
./build/boards/cv180x/cv180zb_wdmb_0008a_spinor/u-boot/cvitek_cv180zb_wdmb_0008a_spinor_rls_defconfig
./build/boards/cv180x/cv180zb_wdmb_0008a_spinor/u-boot/cvitek_cv180zb_wdmb_0008a_spinor_defconfig
./build/boards/cv180x/cv180zb_wdmb_0008a_spinor/cv180zb_wdmb_0008a_spinor_defconfig
./build/boards/cv180x/cv1801c_wevb_0009a_spinand/linux/cvitek_cv1801c_wevb_0009a_spinand_defconfig
./build/boards/cv180x/cv1801c_wevb_0009a_spinand/linux/cvitek_cv1801c_wevb_0009a_spinand_rls_defconfig
./build/boards/cv180x/cv1801c_wevb_0009a_spinand/cv1801c_wevb_0009a_spinand_defconfig
./build/boards/cv180x/cv1801c_wevb_0009a_spinand/u-boot/cvitek_cv1801c_wevb_0009a_spinand_defconfig
./build/boards/cv180x/cv1801c_wevb_0009a_spinand/u-boot/cvitek_cv1801c_wevb_0009a_spinand_rls_defconfig
./build/boards/cv180x/cv1800b_wdmb_0008a_spinor/linux/cvitek_cv1800b_wdmb_0008a_spinor_defconfig
./build/boards/cv180x/cv1800b_wdmb_0008a_spinor/linux/cvitek_cv1800b_wdmb_0008a_spinor_rls_defconfig
./build/boards/cv180x/cv1800b_wdmb_0008a_spinor/cv1800b_wdmb_0008a_spinor_defconfig
./build/boards/cv180x/cv1800b_wdmb_0008a_spinor/u-boot/cvitek_cv1800b_wdmb_0008a_spinor_rls_defconfig
./build/boards/cv180x/cv1800b_wdmb_0008a_spinor/u-boot/cvitek_cv1800b_wdmb_0008a_spinor_defconfig
./build/boards/cv180x/cv1800b_milkv_duo_sd/cv1800b_milkv_duo_sd_defconfig
./build/boards/cv180x/cv1800b_milkv_duo_sd/u-boot/cvitek_cv1800b_milkv_duo_sd_defconfig
./build/boards/cv180x/cv1800b_milkv_duo_sd/linux/cvitek_cv1800b_milkv_duo_sd_defconfig
./build/boards/cv180x/cv1800b_milkv_duo_spinand/linux/cvitek_cv1800b_milkv_duo_spinand_defconfig
./build/boards/cv180x/cv1800b_milkv_duo_spinand/u-boot/cvitek_cv1800b_milkv_duo_spinand_defconfig
./build/boards/cv180x/cv1800b_milkv_duo_spinand/cv1800b_milkv_duo_spinand_defconfig
./build/boards/cv180x/cv180zb_wevb_0008a_spinor/u-boot/cvitek_cv180zb_wevb_0008a_spinor_rls_defconfig
./build/boards/cv180x/cv180zb_wevb_0008a_spinor/u-boot/cvitek_cv180zb_wevb_0008a_spinor_defconfig
./build/boards/cv180x/cv180zb_wevb_0008a_spinor/linux/cvitek_cv180zb_wevb_0008a_spinor_rls_defconfig
./build/boards/cv180x/cv180zb_wevb_0008a_spinor/linux/cvitek_cv180zb_wevb_0008a_spinor_defconfig
./build/boards/cv180x/cv180zb_wevb_0008a_spinor/cv180zb_wevb_0008a_spinor_defconfig
./build/boards/cv180x/cv1801c_wevb_0009a_spinor/linux/cvitek_cv1801c_wevb_0009a_spinor_defconfig
./build/boards/cv180x/cv1801c_wevb_0009a_spinor/linux/cvitek_cv1801c_wevb_0009a_spinor_rls_defconfig
./build/boards/cv180x/cv1801c_wevb_0009a_spinor/cv1801c_wevb_0009a_spinor_defconfig
./build/boards/cv180x/cv1801c_wevb_0009a_spinor/u-boot/cvitek_cv1801c_wevb_0009a_spinor_rls_defconfig
./build/boards/cv180x/cv1801c_wevb_0009a_spinor/u-boot/cvitek_cv1801c_wevb_0009a_spinor_defconfig
./build/boards/cv180x/cv1800b_milkv_duo_spinor/linux/cvitek_cv1800b_milkv_duo_spinor_defconfig
./build/boards/cv180x/cv1800b_milkv_duo_spinor/u-boot/cvitek_cv1800b_milkv_duo_spinor_defconfig
./build/boards/cv180x/cv1800b_milkv_duo_spinor/cv1800b_milkv_duo_spinor_defconfig
./build/boards/cv180x/cv1800b_sophpi_duo_sd/u-boot/cvitek_cv1800b_sophpi_duo_sd_rls_defconfig
./build/boards/cv180x/cv1800b_sophpi_duo_sd/u-boot/cvitek_cv1800b_sophpi_duo_sd_defconfig
./build/boards/cv180x/cv1800b_sophpi_duo_sd/cv1800b_sophpi_duo_sd_defconfig
./build/boards/cv180x/cv1800b_sophpi_duo_sd/linux/cvitek_cv1800b_sophpi_duo_sd_rls_defconfig
./build/boards/cv180x/cv1800b_sophpi_duo_sd/linux/cvitek_cv1800b_sophpi_duo_sd_defconfig
./build/boards/cv180x/cv1801b_wevb_0008a_spinor/cv1801b_wevb_0008a_spinor_defconfig
./build/boards/cv180x/cv1801b_wevb_0008a_spinor/linux/cvitek_cv1801b_wevb_0008a_spinor_defconfig
./build/boards/cv180x/cv1801b_wevb_0008a_spinor/linux/cvitek_cv1801b_wevb_0008a_spinor_rls_defconfig
./build/boards/cv180x/cv1801b_wevb_0008a_spinor/u-boot/cvitek_cv1801b_wevb_0008a_spinor_defconfig
./build/boards/cv180x/cv1801b_wevb_0008a_spinor/u-boot/cvitek_cv1801b_wevb_0008a_spinor_rls_defconfig
./build/boards/cv181x/cv1811c_wevb_0006a_spinand/u-boot/cvitek_cv1811c_wevb_0006a_spinand_rls_defconfig
./build/boards/cv181x/cv1811c_wevb_0006a_spinand/u-boot/cvitek_cv1811c_wevb_0006a_spinand_defconfig
./build/boards/cv181x/cv1811c_wevb_0006a_spinand/linux/cvitek_cv1811c_wevb_0006a_spinand_defconfig
./build/boards/cv181x/cv1811c_wevb_0006a_spinand/linux/cvitek_cv1811c_wevb_0006a_spinand_rls_defconfig
./build/boards/cv181x/cv1811c_wevb_0006a_spinand/cv1811c_wevb_0006a_spinand_defconfig
./build/boards/cv181x/cv1812h_wevb_0007a_emmc_huashan/u-boot/cvitek_cv1812h_wevb_0007a_emmc_huashan_defconfig
./build/boards/cv181x/cv1812h_wevb_0007a_emmc_huashan/linux/cvitek_cv1812h_wevb_0007a_emmc_huashan_defconfig
./build/boards/cv181x/cv1812h_wevb_0007a_emmc_huashan/cv1812h_wevb_0007a_emmc_huashan_defconfig
./build/boards/cv181x/cv1812h_wevb_0007a_spinor/u-boot/cvitek_cv1812h_wevb_0007a_spinor_rls_defconfig
./build/boards/cv181x/cv1812h_wevb_0007a_spinor/u-boot/cvitek_cv1812h_wevb_0007a_spinor_defconfig
./build/boards/cv181x/cv1812h_wevb_0007a_spinor/cv1812h_wevb_0007a_spinor_defconfig
./build/boards/cv181x/cv1812h_wevb_0007a_spinor/linux/cvitek_cv1812h_wevb_0007a_spinor_rls_defconfig
./build/boards/cv181x/cv1812h_wevb_0007a_spinor/linux/cvitek_cv1812h_wevb_0007a_spinor_defconfig
./build/boards/cv181x/cv1810c_wevb_0006a_spinor/cv1810c_wevb_0006a_spinor_defconfig
./build/boards/cv181x/cv1810c_wevb_0006a_spinor/u-boot/cvitek_cv1810c_wevb_0006a_spinor_rls_defconfig
./build/boards/cv181x/cv1810c_wevb_0006a_spinor/u-boot/cvitek_cv1810c_wevb_0006a_spinor_defconfig
./build/boards/cv181x/cv1810c_wevb_0006a_spinor/u-boot/cvitek_cv1810c_wevb_0006a_spinor_spl_defconfig
./build/boards/cv181x/cv1810c_wevb_0006a_spinor/linux/cvitek_cv1810c_wevb_0006a_spinor_rls_defconfig
./build/boards/cv181x/cv1810c_wevb_0006a_spinor/linux/cvitek_cv1810c_wevb_0006a_spinor_defconfig
./build/boards/cv181x/cv1812cp_wevb_0006a_emmc/u-boot/cvitek_cv1812cp_wevb_0006a_emmc_defconfig
./build/boards/cv181x/cv1812cp_wevb_0006a_emmc/linux/cvitek_cv1812cp_wevb_0006a_emmc_defconfig
./build/boards/cv181x/cv1812cp_wevb_0006a_emmc/cv1812cp_wevb_0006a_emmc_defconfig
./build/boards/cv181x/cv1812cp_wevb_0006a_spinand/linux/cvitek_cv1812cp_wevb_0006a_spinand_rls_defconfig
./build/boards/cv181x/cv1812cp_wevb_0006a_spinand/linux/cvitek_cv1812cp_wevb_0006a_spinand_defconfig
./build/boards/cv181x/cv1812cp_wevb_0006a_spinand/cv1812cp_wevb_0006a_spinand_defconfig
./build/boards/cv181x/cv1812cp_wevb_0006a_spinand/u-boot/cvitek_cv1812cp_wevb_0006a_spinand_defconfig
./build/boards/cv181x/cv1812cp_wevb_0006a_spinand/u-boot/cvitek_cv1812cp_wevb_0006a_spinand_rls_defconfig
./build/boards/cv181x/cv1812h_wevb_0007a_spinand/cv1812h_wevb_0007a_spinand_defconfig
./build/boards/cv181x/cv1812h_wevb_0007a_spinand/linux/cvitek_cv1812h_wevb_0007a_spinand_rls_defconfig
./build/boards/cv181x/cv1812h_wevb_0007a_spinand/linux/cvitek_cv1812h_wevb_0007a_spinand_defconfig
./build/boards/cv181x/cv1812h_wevb_0007a_spinand/u-boot/cvitek_cv1812h_wevb_0007a_spinand_rls_defconfig
./build/boards/cv181x/cv1812h_wevb_0007a_spinand/u-boot/cvitek_cv1812h_wevb_0007a_spinand_defconfig
./build/boards/cv181x/cv1811c_wdmb_0006a_spinor/u-boot/cvitek_cv1811c_wdmb_0006a_spinor_defconfig
./build/boards/cv181x/cv1811c_wdmb_0006a_spinor/u-boot/cvitek_cv1811c_wdmb_0006a_spinor_rls_defconfig
./build/boards/cv181x/cv1811c_wdmb_0006a_spinor/linux/cvitek_cv1811c_wdmb_0006a_spinor_defconfig
./build/boards/cv181x/cv1811c_wdmb_0006a_spinor/linux/cvitek_cv1811c_wdmb_0006a_spinor_rls_defconfig
./build/boards/cv181x/cv1811c_wdmb_0006a_spinor/cv1811c_wdmb_0006a_spinor_defconfig
./build/boards/cv181x/cv1811h_wevb_0007a_emmc/linux/cvitek_cv1811h_wevb_0007a_emmc_defconfig
./build/boards/cv181x/cv1811h_wevb_0007a_emmc/cv1811h_wevb_0007a_emmc_defconfig
./build/boards/cv181x/cv1811h_wevb_0007a_emmc/u-boot/cvitek_cv1811h_wevb_0007a_emmc_defconfig
./build/boards/cv181x/cv1810h_wevb_0007a_spinor/cv1810h_wevb_0007a_spinor_defconfig
./build/boards/cv181x/cv1810h_wevb_0007a_spinor/linux/cvitek_cv1810h_wevb_0007a_spinor_defconfig
./build/boards/cv181x/cv1810h_wevb_0007a_spinor/linux/cvitek_cv1810h_wevb_0007a_spinor_rls_defconfig
./build/boards/cv181x/cv1810h_wevb_0007a_spinor/u-boot/cvitek_cv1810h_wevb_0007a_spinor_defconfig
./build/boards/cv181x/cv1810h_wevb_0007a_spinor/u-boot/cvitek_cv1810h_wevb_0007a_spinor_rls_defconfig
./build/boards/cv181x/cv1811h_wevb_0007a_spinand/u-boot/cvitek_cv1811h_wevb_0007a_spinand_defconfig
./build/boards/cv181x/cv1811h_wevb_0007a_spinand/u-boot/cvitek_cv1811h_wevb_0007a_spinand_rls_defconfig
./build/boards/cv181x/cv1811h_wevb_0007a_spinand/linux/cvitek_cv1811h_wevb_0007a_spinand_defconfig
./build/boards/cv181x/cv1811h_wevb_0007a_spinand/linux/cvitek_cv1811h_wevb_0007a_spinand_rls_defconfig
./build/boards/cv181x/cv1811h_wevb_0007a_spinand/cv1811h_wevb_0007a_spinand_defconfig
./build/boards/cv181x/cv1812h_wevb_0007a_emmc/cv1812h_wevb_0007a_emmc_defconfig
./build/boards/cv181x/cv1812h_wevb_0007a_emmc/linux/cvitek_cv1812h_wevb_0007a_emmc_defconfig
./build/boards/cv181x/cv1812h_wevb_0007a_emmc/u-boot/cvitek_cv1812h_wevb_0007a_emmc_defconfig
./build/boards/cv181x/cv1812h_wevb_0007a_spinand_huashan/cv1812h_wevb_0007a_spinand_huashan_defconfig
./build/boards/cv181x/cv1812h_wevb_0007a_spinand_huashan/linux/cvitek_cv1812h_wevb_0007a_spinand_huashan_defconfig
./build/boards/cv181x/cv1812h_wevb_0007a_spinand_huashan/u-boot/cvitek_cv1812h_wevb_0007a_spinand_huashan_defconfig
./build/boards/cv181x/cv1813h_wevb_0007a_emmc/cv1813h_wevb_0007a_emmc_defconfig
./build/boards/cv181x/cv1813h_wevb_0007a_emmc/linux/cvitek_cv1813h_wevb_0007a_emmc_defconfig
./build/boards/cv181x/cv1813h_wevb_0007a_emmc/u-boot/cvitek_cv1813h_wevb_0007a_emmc_defconfig
./build/boards/cv181x/cv1813h_wevb_0007a_spinand/u-boot/cvitek_cv1813h_wevb_0007a_spinand_rls_defconfig
./build/boards/cv181x/cv1813h_wevb_0007a_spinand/u-boot/cvitek_cv1813h_wevb_0007a_spinand_defconfig
./build/boards/cv181x/cv1813h_wevb_0007a_spinand/cv1813h_wevb_0007a_spinand_defconfig
./build/boards/cv181x/cv1813h_wevb_0007a_spinand/linux/cvitek_cv1813h_wevb_0007a_spinand_defconfig
./build/boards/cv181x/cv1813h_wevb_0007a_spinand/linux/cvitek_cv1813h_wevb_0007a_spinand_rls_defconfig
./build/boards/cv181x/cv1812h_wevb_0007a_spinor_huashan/u-boot/cvitek_cv1812h_wevb_0007a_spinor_huashan_defconfig
./build/boards/cv181x/cv1812h_wevb_0007a_spinor_huashan/cv1812h_wevb_0007a_spinor_huashan_defconfig
./build/boards/cv181x/cv1812h_wevb_0007a_spinor_huashan/linux/cvitek_cv1812h_wevb_0007a_spinor_huashan_defconfig
./build/boards/cv181x/cv1811h_wevb_0007a_spinor/u-boot/cvitek_cv1811h_wevb_0007a_spinor_defconfig
./build/boards/cv181x/cv1811h_wevb_0007a_spinor/linux/cvitek_cv1811h_wevb_0007a_spinor_defconfig
./build/boards/cv181x/cv1811h_wevb_0007a_spinor/cv1811h_wevb_0007a_spinor_defconfig
./build/boards/cv181x/cv1810c_wevb_0006a_spinand/cv1810c_wevb_0006a_spinand_defconfig
./build/boards/cv181x/cv1810c_wevb_0006a_spinand/linux/cvitek_cv1810c_wevb_0006a_spinand_defconfig
./build/boards/cv181x/cv1810c_wevb_0006a_spinand/u-boot/cvitek_cv1810c_wevb_0006a_spinand_defconfig
./build/boards/cv181x/cv1810c_wdmb_0006a_spinor/cv1810c_wdmb_0006a_spinor_defconfig
./build/boards/cv181x/cv1810c_wdmb_0006a_spinor/u-boot/cvitek_cv1810c_wdmb_0006a_spinor_defconfig
./build/boards/cv181x/cv1810c_wdmb_0006a_spinor/u-boot/cvitek_cv1810c_wdmb_0006a_spinor_rls_defconfig
./build/boards/cv181x/cv1810c_wdmb_0006a_spinor/linux/cvitek_cv1810c_wdmb_0006a_spinor_defconfig
./build/boards/cv181x/cv1810c_wdmb_0006a_spinor/linux/cvitek_cv1810c_wdmb_0006a_spinor_rls_defconfig
./build/boards/cv181x/cv1812cp_milkv_duo256m_spinand/cv1812cp_milkv_duo256m_spinand_defconfig
./build/boards/cv181x/cv1812cp_milkv_duo256m_spinand/u-boot/cvitek_cv1812cp_milkv_duo256m_spinand_defconfig
./build/boards/cv181x/cv1812cp_milkv_duo256m_spinand/linux/cvitek_cv1812cp_milkv_duo256m_spinand_defconfig
./build/boards/cv181x/cv1812cp_milkv_duo256m_spinand/linux/cvitek_cv1812cp_milkv_duo256m_spinand_defconfig.0
./build/boards/cv181x/cv1812cp_milkv_duo256m_sd/linux/cvitek_cv1812cp_milkv_duo256m_sd_defconfig
./build/boards/cv181x/cv1812cp_milkv_duo256m_sd/cv1812cp_milkv_duo256m_sd_defconfig
./build/boards/cv181x/cv1812cp_milkv_duo256m_sd/u-boot/cvitek_cv1812cp_milkv_duo256m_sd_defconfig
./build/boards/cv181x/cv1811c_wevb_0006a_spinor/u-boot/cvitek_cv1811c_wevb_0006a_spinor_rls_defconfig
./build/boards/cv181x/cv1811c_wevb_0006a_spinor/u-boot/cvitek_cv1811c_wevb_0006a_spinor_defconfig
./build/boards/cv181x/cv1811c_wevb_0006a_spinor/u-boot/cvitek_cv1811c_wevb_0006a_spinor_spl_defconfig
./build/boards/cv181x/cv1811c_wevb_0006a_spinor/cv1811c_wevb_0006a_spinor_defconfig
./build/boards/cv181x/cv1811c_wevb_0006a_spinor/linux/cvitek_cv1811c_wevb_0006a_spinor_rls_defconfig
./build/boards/cv181x/cv1811c_wevb_0006a_spinor/linux/cvitek_cv1811c_wevb_0006a_spinor_defconfig
./build/boards/cv181x/cv1813h_milkv_duos_emmc/cv1813h_milkv_duos_emmc_defconfig
./build/boards/cv181x/cv1813h_milkv_duos_emmc/linux/cvitek_cv1813h_milkv_duos_emmc_defconfig
./build/boards/cv181x/cv1813h_milkv_duos_emmc/u-boot/cvitek_cv1813h_milkv_duos_emmc_defconfig
./build/boards/cv181x/cv1812cp_wevb_0006a_spinor/cv1812cp_wevb_0006a_spinor_defconfig
./build/boards/cv181x/cv1812cp_wevb_0006a_spinor/linux/cvitek_cv1812cp_wevb_0006a_spinor_defconfig
./build/boards/cv181x/cv1812cp_wevb_0006a_spinor/linux/cvitek_cv1812cp_wevb_0006a_spinor_rls_defconfig
./build/boards/cv181x/cv1812cp_wevb_0006a_spinor/u-boot/cvitek_cv1812cp_wevb_0006a_spinor_defconfig
./build/boards/cv181x/cv1812cp_wevb_0006a_spinor/u-boot/cvitek_cv1812cp_wevb_0006a_spinor_rls_defconfig
./build/boards/cv181x/cv1813h_milkv_duos_sd/u-boot/cvitek_cv1813h_milkv_duos_sd_defconfig
./build/boards/cv181x/cv1813h_milkv_duos_sd/linux/cvitek_cv1813h_milkv_duos_sd_defconfig
./build/boards/cv181x/cv1813h_milkv_duos_sd/cv1813h_milkv_duos_sd_defconfig
./build/boards/cv181x/cv1811c_wevb_0006a_emmc/linux/cvitek_cv1811c_wevb_0006a_emmc_defconfig
./build/boards/cv181x/cv1811c_wevb_0006a_emmc/u-boot/cvitek_cv1811c_wevb_0006a_emmc_defconfig
./build/boards/cv181x/cv1811c_wevb_0006a_emmc/cv1811c_wevb_0006a_emmc_defconfig
./build/boards/cv181x/cv1813h_wevb_0007a_spinor/cv1813h_wevb_0007a_spinor_defconfig
./build/boards/cv181x/cv1813h_wevb_0007a_spinor/u-boot/cvitek_cv1813h_wevb_0007a_spinor_defconfig
./build/boards/cv181x/cv1813h_wevb_0007a_spinor/u-boot/cvitek_cv1813h_wevb_0007a_spinor_rls_defconfig
./build/boards/cv181x/cv1813h_wevb_0007a_spinor/linux/cvitek_cv1813h_wevb_0007a_spinor_defconfig
./build/boards/cv181x/cv1813h_wevb_0007a_spinor/linux/cvitek_cv1813h_wevb_0007a_spinor_rls_defconfig
./build/boards/cv181x/cv1812cp_milkv_duo256m_spinor/u-boot/cvitek_cv1812cp_milkv_duo256m_spinor_defconfig
./build/boards/cv181x/cv1812cp_milkv_duo256m_spinor/cv1812cp_milkv_duo256m_spinor_defconfig
./build/boards/cv181x/cv1812cp_milkv_duo256m_spinor/linux/cvitek_cv1812cp_milkv_duo256m_spinor_defconfig
./build/boards/default/u-boot/cv181x_wevb_riscv_emmc_defconfig
./build/boards/default/u-boot/cv181x_wevb_arm_spinor_defconfig
./build/boards/default/u-boot/cv181x_wevb_arm_spinand_defconfig
./build/boards/default/u-boot/cv181x_wevb_arm_emmc_defconfig
./build/boards/default/u-boot/cvitek_uboot_spl_riscv_spinor_defconfig
./build/boards/default/u-boot/cv181x_wevb_riscv_spinand_defconfig
./build/boards/default/u-boot/cv180x_wevb_riscv_spinor_defconfig
./build/boards/default/u-boot/cv181x_wevb_riscv_spinor_defconfig
./build/boards/default/linux/cv181x_wevb_emmc_arm_defconfig
./build/boards/default/linux/cv181x_wevb_spinor_spinand_riscv_defconfig
./build/boards/default/linux/cv181x_wevb_spinor_spinand_arm_defconfig
./build/boards/default/linux/cv181x_wevb_emmc_riscv_defconfig
./buildroot-2021.05/configs/qemu_riscv64_virt_defconfig
./buildroot-2021.05/configs/milkv-duo256m-sd_musl_riscv64_defconfig
./buildroot-2021.05/configs/milkv-duos-emmc_musl_riscv64_defconfig
./buildroot-2021.05/configs/milkv-duo-sd_musl_riscv64_defconfig
./buildroot-2021.05/configs/milkv-duos-sd_musl_riscv64_defconfig
./buildroot-2021.05/configs/qemu_riscv32_virt_defconfig
./buildroot-2021.05/configs/milkv-duo-spinor_musl_riscv64_defconfig
./buildroot-2021.05/configs/milkv-duo-spinand_musl_riscv64_defconfig
./buildroot-2021.05/configs/cvitek_CV180X_musl_riscv64_defconfig
./buildroot-2021.05/configs/cvitek_cv182x_recovery_defconfig
./buildroot-2021.05/configs/milkv-duo256m-spinor_musl_riscv64_defconfig
./buildroot-2021.05/configs/milkv-duo256m-spinand_musl_riscv64_defconfig
./buildroot-2021.05/configs/cvitek_cv182x_defconfig
./u-boot-2021.10/configs/qemu-riscv64_spl_defconfig
./u-boot-2021.10/configs/qemu-riscv32_defconfig
./u-boot-2021.10/configs/qemu-riscv64_smode_defconfig
./u-boot-2021.10/configs/qemu-riscv64_defconfig
./u-boot-2021.10/configs/openpiton_riscv64_defconfig
./u-boot-2021.10/configs/socfpga_mcvevk_defconfig
./u-boot-2021.10/configs/openpiton_riscv64_spl_defconfig
./u-boot-2021.10/configs/qemu-riscv32_smode_defconfig
./u-boot-2021.10/configs/qemu-riscv32_spl_defconfig
