./build/boards/cv180x/cv1800b_wevb_0008a_spinor/memmap.py:43:    ION_SIZE = int(DRAM_SIZE * 0.35)
./build/boards/cv180x/cv1800b_wevb_0008a_spinor/memmap.py:47:    FREERTOS_RESERVED_ION_SIZE = int(DRAM_SIZE * 0.35)
./build/boards/cv180x/cv1800c_wevb_0009a_spinor/memmap.py:43:    ION_SIZE = int(DRAM_SIZE * 0.35)
./build/boards/cv180x/cv1800c_wevb_0009a_spinor/memmap.py:47:    FREERTOS_RESERVED_ION_SIZE = int(DRAM_SIZE * 0.35)
./build/boards/cv180x/cv1801c_wdmb_0009a_spinor/memmap.py:43:    ION_SIZE = int(DRAM_SIZE * 0.35)
./build/boards/cv180x/cv1801c_wdmb_0009a_spinor/memmap.py:47:    FREERTOS_RESERVED_ION_SIZE = int(DRAM_SIZE * 0.35)
./build/boards/cv180x/cv180zb_wdmb_0008a_spinor/memmap.py:43:    ION_SIZE = int(DRAM_SIZE * 0.35)
./build/boards/cv180x/cv180zb_wdmb_0008a_spinor/memmap.py:47:    FREERTOS_RESERVED_ION_SIZE = int(DRAM_SIZE * 0.35)
./build/boards/cv180x/cv1801c_wevb_0009a_spinand/memmap.py:43:    ION_SIZE = int(DRAM_SIZE * 0.35)
./build/boards/cv180x/cv1801c_wevb_0009a_spinand/memmap.py:47:    FREERTOS_RESERVED_ION_SIZE = int(DRAM_SIZE * 0.35)
./build/boards/cv180x/cv1800b_wdmb_0008a_spinor/memmap.py:43:    ION_SIZE = int(DRAM_SIZE * 0.35)
./build/boards/cv180x/cv1800b_wdmb_0008a_spinor/memmap.py:47:    FREERTOS_RESERVED_ION_SIZE = int(DRAM_SIZE * 0.35)
./build/boards/cv180x/cv1800b_milkv_duo_sd/memmap.py:43:    ION_SIZE = int(DRAM_SIZE * 0.35)
./build/boards/cv180x/cv1800b_milkv_duo_sd/memmap.py:48:    FREERTOS_RESERVED_ION_SIZE = int(DRAM_SIZE * 0.35)
./build/boards/cv180x/cv1800b_milkv_duo_spinand/memmap.py:43:    ION_SIZE = int(DRAM_SIZE * 0.35)
./build/boards/cv180x/cv1800b_milkv_duo_spinand/memmap.py:48:    FREERTOS_RESERVED_ION_SIZE = int(DRAM_SIZE * 0.35)
./build/boards/cv180x/cv180zb_wevb_0008a_spinor/memmap.py:43:    ION_SIZE = int(DRAM_SIZE * 0.35)
./build/boards/cv180x/cv180zb_wevb_0008a_spinor/memmap.py:47:    FREERTOS_RESERVED_ION_SIZE = int(DRAM_SIZE * 0.35)
./build/boards/cv180x/cv1801c_wevb_0009a_spinor/memmap.py:43:    ION_SIZE = int(DRAM_SIZE * 0.35)
./build/boards/cv180x/cv1801c_wevb_0009a_spinor/memmap.py:47:    FREERTOS_RESERVED_ION_SIZE = int(DRAM_SIZE * 0.35)
./build/boards/cv180x/cv1800b_milkv_duo_spinor/memmap.py:43:    ION_SIZE = int(DRAM_SIZE * 0.35)
./build/boards/cv180x/cv1800b_milkv_duo_spinor/memmap.py:48:    FREERTOS_RESERVED_ION_SIZE = int(DRAM_SIZE * 0.35)
./build/boards/cv180x/cv1800b_sophpi_duo_sd/memmap.py:43:    ION_SIZE = int(DRAM_SIZE * 0.35)
./build/boards/cv180x/cv1800b_sophpi_duo_sd/memmap.py:48:    FREERTOS_RESERVED_ION_SIZE = int(DRAM_SIZE * 0.35)
./build/boards/cv180x/cv1801b_wevb_0008a_spinor/memmap.py:43:    ION_SIZE = int(DRAM_SIZE * 0.35)
./build/boards/cv180x/cv1801b_wevb_0008a_spinor/memmap.py:47:    FREERTOS_RESERVED_ION_SIZE = int(DRAM_SIZE * 0.35)
./build/boards/cv181x/cv1811c_wevb_0006a_spinand/memmap.py:43:    ION_SIZE = int(DRAM_SIZE * 0.35)
./build/boards/cv181x/cv1811c_wevb_0006a_spinand/memmap.py:47:    FREERTOS_RESERVED_ION_SIZE = int(DRAM_SIZE * 0.35)
./build/boards/cv181x/cv1812h_wevb_0007a_emmc_huashan/memmap.py:43:    ION_SIZE = int(DRAM_SIZE * 0.35)
./build/boards/cv181x/cv1812h_wevb_0007a_emmc_huashan/memmap.py:47:    FREERTOS_RESERVED_ION_SIZE = int(DRAM_SIZE * 0.35)
./build/boards/cv181x/cv1812h_wevb_0007a_spinor/memmap.py:43:    ION_SIZE = int(DRAM_SIZE * 0.35)
./build/boards/cv181x/cv1812h_wevb_0007a_spinor/memmap.py:47:    FREERTOS_RESERVED_ION_SIZE = int(DRAM_SIZE * 0.35)
./build/boards/cv181x/cv1810c_wevb_0006a_spinor/memmap.py:45:    ION_SIZE = int(DRAM_SIZE * 0.35)
./build/boards/cv181x/cv1810c_wevb_0006a_spinor/memmap.py:49:    FREERTOS_RESERVED_ION_SIZE = int(DRAM_SIZE * 0.35)
./build/boards/cv181x/cv1812cp_wevb_0006a_emmc/memmap.py:43:    ION_SIZE = int(DRAM_SIZE * 0.35)
./build/boards/cv181x/cv1812cp_wevb_0006a_emmc/memmap.py:47:    FREERTOS_RESERVED_ION_SIZE = int(DRAM_SIZE * 0.35)
./build/boards/cv181x/cv1812cp_wevb_0006a_spinand/memmap.py:43:    ION_SIZE = int(DRAM_SIZE * 0.35)
./build/boards/cv181x/cv1812cp_wevb_0006a_spinand/memmap.py:47:    FREERTOS_RESERVED_ION_SIZE = int(DRAM_SIZE * 0.35)
./build/boards/cv181x/cv1812h_wevb_0007a_spinand/memmap.py:43:    ION_SIZE = int(DRAM_SIZE * 0.35)
./build/boards/cv181x/cv1812h_wevb_0007a_spinand/memmap.py:47:    FREERTOS_RESERVED_ION_SIZE = int(DRAM_SIZE * 0.35)
./build/boards/cv181x/cv1811c_wdmb_0006a_spinor/memmap.py:45:    ION_SIZE = int(DRAM_SIZE * 0.35)
./build/boards/cv181x/cv1811c_wdmb_0006a_spinor/memmap.py:49:    FREERTOS_RESERVED_ION_SIZE = int(DRAM_SIZE * 0.35)
./build/boards/cv181x/cv1811h_wevb_0007a_emmc/memmap.py:45:    ION_SIZE = int(DRAM_SIZE * 0.35)
./build/boards/cv181x/cv1811h_wevb_0007a_emmc/memmap.py:49:    FREERTOS_RESERVED_ION_SIZE = int(DRAM_SIZE * 0.35)
./build/boards/cv181x/cv1810h_wevb_0007a_spinor/memmap.py:45:    ION_SIZE = int(DRAM_SIZE * 0.35)
./build/boards/cv181x/cv1810h_wevb_0007a_spinor/memmap.py:49:    FREERTOS_RESERVED_ION_SIZE = int(DRAM_SIZE * 0.35)
./build/boards/cv181x/cv1811h_wevb_0007a_spinand/memmap.py:45:    ION_SIZE = int(DRAM_SIZE * 0.35)
./build/boards/cv181x/cv1811h_wevb_0007a_spinand/memmap.py:49:    FREERTOS_RESERVED_ION_SIZE = int(DRAM_SIZE * 0.35)
./build/boards/cv181x/cv1812h_wevb_0007a_emmc/memmap.py:43:    ION_SIZE = int(DRAM_SIZE * 0.35)
./build/boards/cv181x/cv1812h_wevb_0007a_emmc/memmap.py:47:    FREERTOS_RESERVED_ION_SIZE = int(DRAM_SIZE * 0.35)
./build/boards/cv181x/cv1812h_wevb_0007a_spinand_huashan/memmap.py:43:    ION_SIZE = int(DRAM_SIZE * 0.35)
./build/boards/cv181x/cv1812h_wevb_0007a_spinand_huashan/memmap.py:47:    FREERTOS_RESERVED_ION_SIZE = int(DRAM_SIZE * 0.35)
./build/boards/cv181x/cv1813h_wevb_0007a_emmc/memmap.py:43:    ION_SIZE = int(DRAM_SIZE * 0.35)
./build/boards/cv181x/cv1813h_wevb_0007a_emmc/memmap.py:47:    FREERTOS_RESERVED_ION_SIZE = int(DRAM_SIZE * 0.35)
./build/boards/cv181x/cv1813h_wevb_0007a_spinand/memmap.py:43:    ION_SIZE = int(DRAM_SIZE * 0.35)
./build/boards/cv181x/cv1813h_wevb_0007a_spinand/memmap.py:47:    FREERTOS_RESERVED_ION_SIZE = int(DRAM_SIZE * 0.35)
./build/boards/cv181x/cv1812h_wevb_0007a_spinor_huashan/memmap.py:43:    ION_SIZE = int(DRAM_SIZE * 0.35)
./build/boards/cv181x/cv1812h_wevb_0007a_spinor_huashan/memmap.py:47:    FREERTOS_RESERVED_ION_SIZE = int(DRAM_SIZE * 0.35)
./build/boards/cv181x/cv1811h_wevb_0007a_spinor/memmap.py:43:    ION_SIZE = int(DRAM_SIZE * 0.35)
./build/boards/cv181x/cv1811h_wevb_0007a_spinor/memmap.py:47:    FREERTOS_RESERVED_ION_SIZE = int(DRAM_SIZE * 0.35)
./build/boards/cv181x/cv1810c_wevb_0006a_spinand/memmap.py:43:    ION_SIZE = int(DRAM_SIZE * 0.35)
./build/boards/cv181x/cv1810c_wevb_0006a_spinand/memmap.py:47:    FREERTOS_RESERVED_ION_SIZE = int(DRAM_SIZE * 0.35)
./build/boards/cv181x/cv1810c_wdmb_0006a_spinor/memmap.py:45:    ION_SIZE = int(DRAM_SIZE * 0.35)
./build/boards/cv181x/cv1810c_wdmb_0006a_spinor/memmap.py:49:    FREERTOS_RESERVED_ION_SIZE = int(DRAM_SIZE * 0.35)
./build/boards/cv181x/cv1812cp_milkv_duo256m_spinand/memmap.py:43:    ION_SIZE = int(DRAM_SIZE * 0.35)
./build/boards/cv181x/cv1812cp_milkv_duo256m_spinand/memmap.py:47:    FREERTOS_RESERVED_ION_SIZE = int(DRAM_SIZE * 0.35)
./build/boards/cv181x/cv1812cp_milkv_duo256m_sd/memmap.py:43:    ION_SIZE = int(DRAM_SIZE * 0.35)
./build/boards/cv181x/cv1812cp_milkv_duo256m_sd/memmap.py:47:    FREERTOS_RESERVED_ION_SIZE = int(DRAM_SIZE * 0.35)
./build/boards/cv181x/cv1811c_wevb_0006a_spinor/memmap.py:45:    ION_SIZE = int(DRAM_SIZE * 0.35)
./build/boards/cv181x/cv1811c_wevb_0006a_spinor/memmap.py:49:    FREERTOS_RESERVED_ION_SIZE = int(DRAM_SIZE * 0.35)
./build/boards/cv181x/cv1813h_milkv_duos_emmc/memmap.py:43:    ION_SIZE = int(DRAM_SIZE * 0.35)
./build/boards/cv181x/cv1813h_milkv_duos_emmc/memmap.py:47:    FREERTOS_RESERVED_ION_SIZE = int(DRAM_SIZE * 0.35)
./build/boards/cv181x/cv1812cp_wevb_0006a_spinor/memmap.py:43:    ION_SIZE = int(DRAM_SIZE * 0.35)
./build/boards/cv181x/cv1812cp_wevb_0006a_spinor/memmap.py:47:    FREERTOS_RESERVED_ION_SIZE = int(DRAM_SIZE * 0.35)
./build/boards/cv181x/cv1813h_milkv_duos_sd/memmap.py:43:    ION_SIZE = int(DRAM_SIZE * 0.35)
./build/boards/cv181x/cv1813h_milkv_duos_sd/memmap.py:47:    FREERTOS_RESERVED_ION_SIZE = int(DRAM_SIZE * 0.35)
./build/boards/cv181x/cv1811c_wevb_0006a_emmc/memmap.py:43:    ION_SIZE = int(DRAM_SIZE * 0.35)
./build/boards/cv181x/cv1811c_wevb_0006a_emmc/memmap.py:47:    FREERTOS_RESERVED_ION_SIZE = int(DRAM_SIZE * 0.35)
./build/boards/cv181x/cv1813h_wevb_0007a_spinor/memmap.py:43:    ION_SIZE = int(DRAM_SIZE * 0.35)
./build/boards/cv181x/cv1813h_wevb_0007a_spinor/memmap.py:47:    FREERTOS_RESERVED_ION_SIZE = int(DRAM_SIZE * 0.35)
./build/boards/cv181x/cv1812cp_milkv_duo256m_spinor/memmap.py:43:    ION_SIZE = int(DRAM_SIZE * 0.35)
./build/boards/cv181x/cv1812cp_milkv_duo256m_spinor/memmap.py:47:    FREERTOS_RESERVED_ION_SIZE = int(DRAM_SIZE * 0.35)
